<?xml version="1.0" encoding="UTF-8"?>
<testng-results ignored="0" total="1" passed="1" failed="0" skipped="0">
  <reporter-output>
  </reporter-output>
  <suite started-at="2024-07-30T14:59:18Z" name="Default suite" finished-at="2024-07-30T14:59:33Z" duration-ms="14705">
    <groups>
    </groups>
    <test started-at="2024-07-30T14:59:18Z" name="Default test" finished-at="2024-07-30T14:59:33Z" duration-ms="14705">
      <class name="automationframework.ATB6XWeb.NegativeTC">
        <test-method is-config="true" signature="setUp()[pri:0, instance:automationframework.ATB6XWeb.NegativeTC@45c8d09f]" started-at="2024-07-30T14:59:18Z" name="setUp" finished-at="2024-07-30T14:59:20Z" duration-ms="2059" status="PASS">
          <reporter-output>
          </reporter-output>
        </test-method> <!-- setUp -->
        <test-method signature="invalidLogin()[pri:0, instance:automationframework.ATB6XWeb.NegativeTC@45c8d09f]" started-at="2024-07-30T14:59:20Z" name="invalidLogin" finished-at="2024-07-30T14:59:32Z" duration-ms="12271" status="PASS">
          <reporter-output>
          </reporter-output>
        </test-method> <!-- invalidLogin -->
        <test-method is-config="true" signature="tearDown()[pri:0, instance:automationframework.ATB6XWeb.NegativeTC@45c8d09f]" started-at="2024-07-30T14:59:32Z" name="tearDown" finished-at="2024-07-30T14:59:33Z" duration-ms="248" status="PASS">
          <reporter-output>
          </reporter-output>
        </test-method> <!-- tearDown -->
      </class> <!-- automationframework.ATB6XWeb.NegativeTC -->
    </test> <!-- Default test -->
  </suite> <!-- Default suite -->
</testng-results>
